<?xml version="1.0" encoding="UTF-8"?>
<testsuite name="FF Test in Windows 8 Sytem"
           tests="1"
           failures="1"
           errors="0"
           skipped="0"
           time="9.021">
  <properties />
            <testcase name="Sectiontest" time="9.021" classname="com.educo.tests.TestCases.InsHomePagetests">
                <failure type="java.lang.NullPointerException"
                  message="(null)"
              >
<![CDATA[java.lang.NullPointerException
  org.openqa.selenium.support.ui.ExpectedConditions.elementIfVisible(ExpectedConditions.java:171)
  org.openqa.selenium.support.ui.ExpectedConditions.access$1(ExpectedConditions.java:170)
  org.openqa.selenium.support.ui.ExpectedConditions$5.apply(ExpectedConditions.java:156)
  org.openqa.selenium.support.ui.ExpectedConditions$5.apply(ExpectedConditions.java:1)
  org.openqa.selenium.support.ui.FluentWait.until(FluentWait.java:208)
  com.educo.tests.PageOBjects.LoginPage.UsaLoginPageObjects.waitforElementtoLoad(UsaLoginPageObjects.java:144)
  com.educo.tests.PageOBjects.LoginPage.UsaLoginPageObjects.typeInUserName(UsaLoginPageObjects.java:62)
  com.educo.tests.PageOBjects.LoginPage.UsaLoginPageObjects.login(UsaLoginPageObjects.java:94)
  com.educo.tests.TestCases.InsHomePagetests.Sectiontest(InsHomePagetests.java:58)
  sun.reflect.NativeMethodAccessorImpl.invoke0(Native Method)
  sun.reflect.NativeMethodAccessorImpl.invoke(NativeMethodAccessorImpl.java:39)
  sun.reflect.DelegatingMethodAccessorImpl.invoke(DelegatingMethodAccessorImpl.java:25)
  java.lang.reflect.Method.invoke(Method.java:597)
  org.testng.internal.MethodInvocationHelper.invokeMethod(MethodInvocationHelper.java:74)
  org.testng.internal.Invoker.invokeMethod(Invoker.java:673)
  org.testng.internal.Invoker.invokeTestMethod(Invoker.java:846)
  org.testng.internal.Invoker.invokeTestMethods(Invoker.java:1170)
  org.testng.internal.TestMethodWorker.invokeTestMethods(TestMethodWorker.java:125)
  org.testng.internal.TestMethodWorker.run(TestMethodWorker.java:109)
  java.util.concurrent.ThreadPoolExecutor$Worker.runTask(ThreadPoolExecutor.java:895)
  java.util.concurrent.ThreadPoolExecutor$Worker.run(ThreadPoolExecutor.java:918)
  java.lang.Thread.run(Thread.java:662)
]]>
      </failure>

          </testcase>
  
  
  
</testsuite>
