<?xml version="1.0" encoding="UTF-8"?>
<testsuite name="FF Test in Windows 8 Sytem"
           tests="3"
           failures="0"
           errors="0"
           skipped="0"
           time="52.878">
  <properties />
  
  
            <testcase name="Login_As_Instructor_India" time="21.556" classname="com.educo.tests.TestCases.Logintests" />
                <testcase name="Login_As_Instructor_USA" time="17.391" classname="com.educo.tests.TestCases.Logintests" />
                <testcase name="InvalidLoginPromptTest" time="13.931" classname="com.educo.tests.TestCases.Logintests" />
      
</testsuite>
